make.exe all --print-data-base --no-builtin-variables --no-builtin-rules --question
# GNU Make 4.3
# Built for Windows32
# Copyright (C) 1988-2020 Free Software Foundation, Inc.
# License GPLv3+: GNU GPL version 3 or later <http://gnu.org/licenses/gpl.html>
# This is free software: you are free to change and redistribute it.
# There is NO WARRANTY, to the extent permitted by law.
 

# Make data base, printed on Thu Jul 14 22:38:30 2022

# Variables

# environment
SYSTEMDRIVE = C:
# environment
LC_ALL = C
# makefile (from 'Makefile', line 17)
CLIENT_BIN = ${CLIENT_DIR}.exe
# environment
USERPROFILE = C:\Users\WALTON
# environment
LOCALAPPDATA = C:\Users\WALTON\AppData\Local
# makefile (from 'Makefile', line 4)
CLIENT_DIR = client
# environment
VSCODE_CWD = C:\Users\WALTON\AppData\Local\Programs\Microsoft VS Code
# environment
CHOCOLATEYINSTALL = C:\ProgramData\chocolatey
# environment
SYSTEMROOT = C:\WINDOWS
# environment
PROCESSOR_LEVEL = 6
# environment
PSMODULEPATH = C:\Program Files\WindowsPowerShell\Modules;C:\WINDOWS\system32\WindowsPowerShell\v1.0\Modules
# default
MAKE_COMMAND := C:/ProgramData/chocolatey/lib/make/tools/install/bin/make.exe
# environment
GOPATH = C:\Users\WALTON\go
# automatic
@D = $(patsubst %/,%,$(patsubst %\,%,$(dir $@)))
# environment
CHROME_CRASHPAD_PIPE_NAME = \\.\pipe\crashpad_15288_UZWELNGUYYIWTBNG
# environment
VSCODE_HANDLES_UNCAUGHT_ERRORS = true
# default
.VARIABLES := 
# automatic
%D = $(patsubst %/,%,$(patsubst %\,%,$(dir $%)))
# makefile (from 'Makefile', line 41)
project := greet calculator blog
# automatic
^D = $(patsubst %/,%,$(patsubst %\,%,$(dir $^)))
# automatic
%F = $(notdir $%)
# environment
VSCODE_CODE_CACHE_PATH = C:\Users\WALTON\AppData\Roaming\Code\CachedData\b06ae3b2d2dbfe28bca3134cc6be65935cdfea6a
# environment
LANG = C
# default
.LOADED := 
# environment
TMP = C:\Users\WALTON\AppData\Local\Temp
# default
.INCLUDE_DIRS = .
# environment
PROCESSOR_ARCHITEW6432 = AMD64
# makefile
MAKEFLAGS = pqrR
# environment
ONEDRIVE = C:\Users\WALTON\OneDrive
# environment
INTELLIJ IDEA COMMUNITY EDITION = C:\Program Files\JetBrains\IntelliJ IDEA Community Edition 2022.1.3\bin;
# makefile
CURDIR := c:/projects/grpc-go
# environment
APPLICATION_INSIGHTS_NO_DIAGNOSTIC_CHANNEL = 1
# automatic
*D = $(patsubst %/,%,$(patsubst %\,%,$(dir $*)))
# environment
PROGRAMFILES = C:\Program Files (x86)
# environment
MFLAGS = -pqrR
# makefile (from 'Makefile', line 8)
.SHELLFLAGS := -NoProfile -Command
# environment
COMMONPROGRAMW6432 = C:\Program Files\Common Files
# automatic
+D = $(patsubst %/,%,$(patsubst %\,%,$(dir $+)))
# makefile (from 'Makefile', line 1)
MAKEFILE_LIST := Makefile
# automatic
@F = $(notdir $@)
# environment
VSCODE_PID = 15288
# environment
CUDA_PATH = C:\Program Files\NVIDIA GPU Computing Toolkit\CUDA\v11.7
# environment
__PSLOCKDOWNPOLICY = 0
# automatic
?D = $(patsubst %/,%,$(patsubst %\,%,$(dir $?)))
# makefile (from 'Makefile', line 11)
PACKAGE = $(shell (Get-Content go.mod -head 1).Split(" ")[1])
# automatic
*F = $(notdir $*)
# automatic
<D = $(patsubst %/,%,$(patsubst %\,%,$(dir $<)))
# environment
VSCODE_NLS_CONFIG = {"locale":"en-us","availableLanguages":{},"_languagePackSupport":true}
# environment
ONEDRIVECONSUMER = C:\Users\WALTON\OneDrive
# default
MAKE_HOST := Windows32
# makefile (from 'Makefile', line 3)
SERVER_DIR = server
# environment
PROGRAMDATA = C:\ProgramData
# makefile (from 'Makefile', line 7)
SHELL := C:/Windows/System32/WindowsPowerShell/v1.0//powershell.exe
# environment
HOMEPATH = \Users\WALTON
# default
MAKECMDGOALS := all
# environment
DRIVERDATA = C:\Windows\System32\Drivers\DriverData
# environment
COMSPEC = C:\WINDOWS\system32\cmd.exe
# environment
WINDIR = C:\WINDOWS
# environment
MAKELEVEL := 0
# default
MAKE = $(MAKE_COMMAND)
# environment
PATH = C:\Program Files\NVIDIA GPU Computing Toolkit\CUDA\v11.7\bin;C:\Program Files\NVIDIA GPU Computing Toolkit\CUDA\v11.7\libnvvp;C:\Program Files\Microsoft\jdk-11.0.12.7-hotspot\bin;C:\Program Files\Common Files\Oracle\Java\javapath;C:\Python310\Scripts\;C:\Python310\;C:\Windows\system32;C:\Windows;C:\Windows\System32\Wbem;C:\Windows\System32\WindowsPowerShell\v1.0\;C:\Windows\System32\OpenSSH\;C:\mingw64;C:\mingw64\bin;C:\Program Files\Go\bin;C:\ProgramData\chocolatey\bin;C:\Users\WALTON\AppData\Roaming\nvm;C:\Program Files\nodejs;C:\Program Files\Git\cmd;C:\Program Files\Java\jdk-18.0.1.1\bin;C:\Program Files\Microsoft SQL Server\150\Tools\Binn\;C:\Program Files\Microsoft SQL Server\Client SDK\ODBC\170\Tools\Binn\;C:\Program Files\dotnet\;C:\Program Files\Amazon\AWSCLIV2\;C:\WINDOWS\system32;C:\WINDOWS;C:\WINDOWS\System32\Wbem;C:\WINDOWS\System32\WindowsPowerShell\v1.0\;C:\WINDOWS\System32\OpenSSH\;C:\Program Files\Docker\Docker\resources\bin;C:\ProgramData\DockerDesktop\version-bin;C:\Users\WALTON\bin;C:\Program Files\NVIDIA Corporation\Nsight Compute 2022.2.0\;C:\Program Files (x86)\NVIDIA Corporation\PhysX\Common;C:\Program Files\NVIDIA GPU Computing Toolkit\CUDA\v11.7\bin;C:\Program Files\NVIDIA GPU Computing Toolkit\CUDA\v11.7\lib;C:\Users\WALTON\.cargo\bin;C:\Users\WALTON\AppData\Local\Microsoft\WindowsApps;C:\Users\WALTON\go\bin;C:\Users\WALTON\AppData\Roaming\npm;C:\Users\WALTON\AppData\Local\Programs\Microsoft VS Code\bin;C:\Users\WALTON\AppData\Roaming\nvm;C:\Program Files\nodejs;C:\Users\WALTON\.dotnet\tools;;C:\Program Files\JetBrains\PyCharm Community Edition 2022.1.3\bin;;C:\Program Files\JetBrains\IntelliJ IDEA Community Edition 2022.1.3\bin;
# environment
ZES_ENABLE_SYSMAN = 1
# environment
COMPUTERNAME = DESKTOP-7DMOO7P
# default
MAKEFILES := 
# makefile (from 'Makefile', line 16)
SERVER_BIN = ${SERVER_DIR}.exe
# automatic
^F = $(notdir $^)
# environment
PROMPT = $P$G
# environment
CHOCOLATEYLASTPATHUPDATE = 133001311047316000
# environment
NVTOOLSEXT_PATH = C:\Program Files\NVIDIA Corporation\NvToolsExt\
# environment
LOGONSERVER = \\DESKTOP-7DMOO7P
# makefile (from 'Makefile', line 13)
HELP_CMD = Select-String "^[a-zA-Z_-]+:.*?## .*$$" "./Makefile" | Foreach-Object { $$_data = $$_.matches -split ":.*?## "; $$obj = New-Object PSCustomObject; Add-Member -InputObject $$obj -NotePropertyName ('Command') -NotePropertyValue $$_data[0]; Add-Member -InputObject $$obj -NotePropertyName ('Description') -NotePropertyValue $$_data[1]; $$obj } | Format-Table -HideTableHeaders @{Expression={ $$e = [char]27; "$$e[36m$$($$_.Command)$${e}[0m" }}, Description
# environment
USERNAME = WALTON
# makefile (from 'Makefile', line 12)
CHECK_DIR_CMD = if (!(Test-Path $@)) { $$e = [char]27; Write-Error "$$e[31mDirectory $@ doesn't exist$${e}[0m" }
# environment
COMMONPROGRAMFILES = C:\Program Files (x86)\Common Files
# automatic
?F = $(notdir $?)
# environment
PROGRAMW6432 = C:\Program Files
# environment
PATHEXT = .COM;.EXE;.BAT;.CMD;.VBS;.VBE;.JS;.JSE;.WSF;.WSH;.MSC;.PY;.PYW
# automatic
+F = $(notdir $+)
# environment
ORIGINAL_XDG_CURRENT_DESKTOP = undefined
# environment
USERDOMAIN = DESKTOP-7DMOO7P
# 'override' directive
GNUMAKEFLAGS := 
# makefile (from 'Makefile', line 10)
OS = $(shell "{0} {1}" -f "windows", (Get-ComputerInfo -Property OsVersion, OsArchitecture | Format-Table -HideTableHeaders | Out-String).Trim())
# makefile (from 'Makefile', line 39)
.DEFAULT_GOAL := help
# makefile (from 'Makefile', line 15)
RM_RF_CMD = ${RM_F_CMD} -Recurse
# environment
NVM_HOME = C:\Users\WALTON\AppData\Roaming\nvm
# environment
CUDA_PATH_V11_7 = C:\Program Files\NVIDIA GPU Computing Toolkit\CUDA\v11.7
# default
MAKE_VERSION := 4.3
# makefile (from 'Makefile', line 9)
SHELL_VERSION = $(shell (Get-Host | Select-Object Version | Format-Table -HideTableHeaders | Out-String).Trim())
# environment
PROGRAMFILES(X86) = C:\Program Files (x86)
# environment
USERDOMAIN_ROAMINGPROFILE = DESKTOP-7DMOO7P
# environment
NUMBER_OF_PROCESSORS = 12
# environment
PUBLIC = C:\Users\Public
# environment
APPDATA = C:\Users\WALTON\AppData\Roaming
# environment
HOMEDRIVE = C:
# environment
NVM_SYMLINK = C:\Program Files\nodejs
# environment
PROCESSOR_ARCHITECTURE = x86
# environment
PYCHARM COMMUNITY EDITION = C:\Program Files\JetBrains\PyCharm Community Edition 2022.1.3\bin;
# environment
GOMODCACHE = C:\Users\WALTON\go\pkg\mod
# environment
VSCODE_AMD_ENTRYPOINT = vs/workbench/api/node/extensionHostProcess
# environment
COMMONPROGRAMFILES(X86) = C:\Program Files (x86)\Common Files
# makefile (from 'Makefile', line 1)
BIN_DIR = bin
# environment
ELECTRON_RUN_AS_NODE = 1
# environment
TEMP = C:\Users\WALTON\AppData\Local\Temp
# environment
VSCODE_IPC_HOOK = \\.\pipe\13d33ce454c9c7a67ef962e162d4a6e5-1.69.1-main-sock
# environment
GOPROXY = https://proxy.golang.org,direct
# default
.RECIPEPREFIX := 
# automatic
<F = $(notdir $<)
# default
SUFFIXES := 
# environment
ALLUSERSPROFILE = C:\ProgramData
# environment
SESSIONNAME = Console
# default
.FEATURES := target-specific order-only second-expansion else-if shortest-stem undefine oneshell nocomment grouped-target extra-prereqs archives jobserver output-sync load
# environment
PROCESSOR_REVISION = a503
# makefile (from 'Makefile', line 2)
PROTO_DIR = proto
# makefile (from 'Makefile', line 14)
RM_F_CMD = Remove-Item -erroraction silentlycontinue -Force
# environment
PROCESSOR_IDENTIFIER = Intel64 Family 6 Model 165 Stepping 3, GenuineIntel
# variable set hash-table stats:
# Load=115/1024=11%, Rehash=0, Collisions=11/175=6%

# Pattern-specific Variable Values

# No pattern-specific variable values.

# Directories

# . (key c:/projects/grpc-go, mtime 1657816708): 8 files, no impossibilities.

# 8 files, no impossibilities in 1 directories.

# Implicit Rules

# No implicit rules.

# Files

calculator:
#  Phony target (prerequisite of .PHONY).
#  Implicit rule search has not been done.
#  File does not exist.
#  File has not been updated.
#  recipe to execute (from 'Makefile', line 50):
	@${CHECK_DIR_CMD}
	protoc -I$@/${PROTO_DIR} --go_opt=module=${PACKAGE} --go_out=. --go-grpc_opt=module=${PACKAGE} --go-grpc_out=. $@/${PROTO_DIR}/*.proto
	go build -o ${BIN_DIR}/$@/${SERVER_BIN} ./$@/${SERVER_DIR}
	go build -o ${BIN_DIR}/$@/${CLIENT_BIN} ./$@/${CLIENT_DIR}

clean_greet:
#  Implicit rule search has not been done.
#  Modification time never checked.
#  File has not been updated.
#  recipe to execute (from 'Makefile', line 66):
	${RM_F_CMD} greet/${PROTO_DIR}/*.pb.go

clean_blog:
#  Implicit rule search has not been done.
#  Modification time never checked.
#  File has not been updated.
#  recipe to execute (from 'Makefile', line 72):
	${RM_F_CMD} blog/${PROTO_DIR}/*.pb.go

# Not a target:
Makefile:
#  Implicit rule search has been done.
#  Last modified 2022-07-10 11:12:43
#  File has been updated.
#  Successfully updated.

clean: clean_greet clean_calculator clean_blog
#  Implicit rule search has not been done.
#  Modification time never checked.
#  File has not been updated.
#  recipe to execute (from 'Makefile', line 59):
	${RM_F_CMD} ssl/*.crt
	${RM_F_CMD} ssl/*.csr
	${RM_F_CMD} ssl/*.key
	${RM_F_CMD} ssl/*.pem
	${RM_RF_CMD} ${BIN_DIR}

blog:
#  Phony target (prerequisite of .PHONY).
#  Implicit rule search has not been done.
#  File does not exist.
#  File has not been updated.
#  recipe to ex 
ecute (from 'Makefile', line 50):
	@${CHECK_DIR_CMD}
	protoc -I$@/${PROTO_DIR} --go_opt=module=${PACKAGE} --go_out=. --go-grpc_opt=module=${PACKAGE} --go-grpc_out=. $@/${PROTO_DIR}/*.proto
	go build -o ${BIN_DIR}/$@/${SERVER_BIN} ./$@/${SERVER_DIR}
	go build -o ${BIN_DIR}/$@/${CLIENT_BIN} ./$@/${CLIENT_DIR}

# Not a target:
.DEFAULT:
#  Implicit rule search has not been done.
#  Modification time never checked.
#  File has not been updated.

all: greet calculator blog
#  Command line target.
#  Implicit rule search has been done.
#  File does not exist.
#  File has been updated.
#  Needs to be updated (-q is set).
# variable set hash-table stats:
# Load=0/32=0%, Rehash=0, Collisions=0/24=0%

help:
#  Phony target (prerequisite of .PHONY).
#  Implicit rule search has not been done.
#  File does not exist.
#  File has not been updated.
#  recipe to execute (from 'Makefile', line 85):
	@${HELP_CMD}

clean_calculator:
#  Implicit rule search has not been done.
#  Modification time never checked.
#  File has not been updated.
#  recipe to execute (from 'Makefile', line 69):
	${RM_F_CMD} calculator/${PROTO_DIR}/*.pb.go
	

test: all
#  Implicit rule search has not been done.
#  Modification time never checked.
#  File has not been updated.
#  recipe to execute (from 'Makefile', line 56):
	go test ./...

rebuild: clean all
#  Implicit rule search has not been done.
#  Modification time never checked.
#  File has not been updated.

about:
#  Implicit rule search has not been done.
#  Modification time never checked.
#  File has not been updated.
#  recipe to execute (from 'Makefile', line 77):
	@echo "OS: ${OS}"
	@echo "Shell: ${SHELL} ${SHELL_VERSION}"
	@echo "Protoc version: $(shell protoc --version)"
	@echo "Go version: $(shell go version)"
	@echo "Go package: ${PACKAGE}"
	@echo "Openssl version: $(shell openssl version)"

# 'override' directive
greet: .SHELLSTATUS := 0
greet:
#  Phony target (prerequisite of .PHONY).
#  Implicit rule search has not been done.
#  Implicit/static pattern stem: ''
#  File does not exist.
#  File has been updated.
#  Needs to be updated (-q is set).
# automatic
# @ := greet
# automatic
# * := 
# automatic
# < := 
# automatic
# + := 
# automatic
# % := 
# automatic
# ^ := 
# automatic
# ? := 
# automatic
# | := 
# variable set hash-table stats:
# Load=9/32=28%, Rehash=0, Collisions=19/42=45%
#  recipe to execute (from 'Makefile', line 50):
	@${CHECK_DIR_CMD}
	protoc -I$@/${PROTO_DIR} --go_opt=module=${PACKAGE} --go_out=. --go-grpc_opt=module=${PACKAGE} --go-grpc_out=. $@/${PROTO_DIR}/*.proto
	go build -o ${BIN_DIR}/$@/${SERVER_BIN} ./$@/${SERVER_DIR}
	go build -o ${BIN_DIR}/$@/${CLIENT_BIN} ./$@/${CLIENT_DIR}

# Not a target:
.SUFFIXES:
#  Implicit rule search has not been done.
#  Modification time never checked.
#  File has not been updated.

.PHONY: greet blog calculator help
#  Implicit rule search has not been done.
#  Modification time never checked.
#  File has not been updated.

# files hash-table stats:
# Load=16/1024=2%, Rehash=0, Collisions=0/51=0%
# VPATH Search Paths

# No 'vpath' search paths.

# No general ('VPATH' variable) search path.

# strcache buffers: 1 (0) / strings = 22 / storage = 162 B / avg = 7 B
# current buf: size = 8174 B / used = 162 B / count = 22 / avg = 7 B

# strcache performance: lookups = 61 / hit rate = 63%
# hash-table stats:
# Load=22/8192=0%, Rehash=0, Collisions=0/61=0%
# Finished Make data base on Thu Jul 14 22:38:30 2022

 
